[2019-05-21 14:01:35,824] INFO [GroupMetadataManager brokerId=0] Removed 0 expired offsets in 0 milliseconds. (kafka.coordinator.group.GroupMetadataManager)
[2019-05-21 14:11:35,824] INFO [GroupMetadataManager brokerId=0] Removed 0 expired offsets in 0 milliseconds. (kafka.coordinator.group.GroupMetadataManager)
[2019-05-21 14:18:13,180] INFO Terminating process due to signal SIGINT (kafka.Kafka$)
[2019-05-21 14:18:13,182] INFO [KafkaServer id=0] shutting down (kafka.server.KafkaServer)
[2019-05-21 14:18:13,182] INFO [KafkaServer id=0] Starting controlled shutdown (kafka.server.KafkaServer)
[2019-05-21 14:18:13,386] INFO [KafkaServer id=0] Controlled shutdown succeeded (kafka.server.KafkaServer)
[2019-05-21 14:18:13,426] INFO [SocketServer brokerId=0] Shutting down (kafka.network.SocketServer)
[2019-05-21 14:18:13,499] INFO [SocketServer brokerId=0] Shutdown completed (kafka.network.SocketServer)
[2019-05-21 14:18:13,507] INFO [Kafka Request Handler on Broker 0], shutting down (kafka.server.KafkaRequestHandlerPool)
[2019-05-21 14:18:13,596] INFO [Kafka Request Handler on Broker 0], shut down completely (kafka.server.KafkaRequestHandlerPool)
[2019-05-21 14:18:13,620] INFO [ThrottledRequestReaper-Fetch]: Shutting down (kafka.server.ClientQuotaManager$ThrottledRequestReaper)
[2019-05-21 14:18:13,875] INFO [ThrottledRequestReaper-Fetch]: Stopped (kafka.server.ClientQuotaManager$ThrottledRequestReaper)
[2019-05-21 14:18:13,878] INFO [ThrottledRequestReaper-Fetch]: Shutdown completed (kafka.server.ClientQuotaManager$ThrottledRequestReaper)
[2019-05-21 14:18:13,878] INFO [ThrottledRequestReaper-Produce]: Shutting down (kafka.server.ClientQuotaManager$ThrottledRequestReaper)
[2019-05-21 14:18:14,874] INFO [ThrottledRequestReaper-Produce]: Stopped (kafka.server.ClientQuotaManager$ThrottledRequestReaper)
[2019-05-21 14:18:14,874] INFO [ThrottledRequestReaper-Produce]: Shutdown completed (kafka.server.ClientQuotaManager$ThrottledRequestReaper)
[2019-05-21 14:18:14,874] INFO [ThrottledRequestReaper-Request]: Shutting down (kafka.server.ClientQuotaManager$ThrottledRequestReaper)
[2019-05-21 14:18:15,874] INFO [ThrottledRequestReaper-Request]: Stopped (kafka.server.ClientQuotaManager$ThrottledRequestReaper)
[2019-05-21 14:18:15,874] INFO [ThrottledRequestReaper-Request]: Shutdown completed (kafka.server.ClientQuotaManager$ThrottledRequestReaper)
[2019-05-21 14:18:15,875] INFO [KafkaApi-0] Shutdown complete. (kafka.server.KafkaApis)
[2019-05-21 14:18:15,894] INFO [ExpirationReaper-0-topic]: Shutting down (kafka.server.DelayedOperationPurgatory$ExpiredOperationReaper)
[2019-05-21 14:18:16,017] INFO [ExpirationReaper-0-topic]: Stopped (kafka.server.DelayedOperationPurgatory$ExpiredOperationReaper)
[2019-05-21 14:18:16,018] INFO [ExpirationReaper-0-topic]: Shutdown completed (kafka.server.DelayedOperationPurgatory$ExpiredOperationReaper)
[2019-05-21 14:18:16,062] INFO [TransactionCoordinator id=0] Shutting down. (kafka.coordinator.transaction.TransactionCoordinator)
[2019-05-21 14:18:16,063] INFO [ProducerId Manager 0]: Shutdown complete: last producerId assigned 10000 (kafka.coordinator.transaction.ProducerIdManager)
[2019-05-21 14:18:16,064] INFO [Transaction State Manager 0]: Shutdown complete (kafka.coordinator.transaction.TransactionStateManager)
[2019-05-21 14:18:16,064] INFO [Transaction Marker Channel Manager 0]: Shutting down (kafka.coordinator.transaction.TransactionMarkerChannelManager)
[2019-05-21 14:18:16,064] INFO [Transaction Marker Channel Manager 0]: Stopped (kafka.coordinator.transaction.TransactionMarkerChannelManager)
[2019-05-21 14:18:16,065] INFO [Transaction Marker Channel Manager 0]: Shutdown completed (kafka.coordinator.transaction.TransactionMarkerChannelManager)
[2019-05-21 14:18:16,065] INFO [TransactionCoordinator id=0] Shutdown complete. (kafka.coordinator.transaction.TransactionCoordinator)
[2019-05-21 14:18:16,065] INFO [GroupCoordinator 0]: Shutting down. (kafka.coordinator.group.GroupCoordinator)
[2019-05-21 14:18:16,066] INFO [ExpirationReaper-0-Heartbeat]: Shutting down (kafka.server.DelayedOperationPurgatory$ExpiredOperationReaper)
[2019-05-21 14:18:16,218] INFO [ExpirationReaper-0-Heartbeat]: Stopped (kafka.server.DelayedOperationPurgatory$ExpiredOperationReaper)
[2019-05-21 14:18:16,218] INFO [ExpirationReaper-0-Heartbeat]: Shutdown completed (kafka.server.DelayedOperationPurgatory$ExpiredOperationReaper)
[2019-05-21 14:18:16,218] INFO [ExpirationReaper-0-Rebalance]: Shutting down (kafka.server.DelayedOperationPurgatory$ExpiredOperationReaper)
[2019-05-21 14:18:16,418] INFO [ExpirationReaper-0-Rebalance]: Stopped (kafka.server.DelayedOperationPurgatory$ExpiredOperationReaper)
[2019-05-21 14:18:16,418] INFO [ExpirationReaper-0-Rebalance]: Shutdown completed (kafka.server.DelayedOperationPurgatory$ExpiredOperationReaper)
[2019-05-21 14:18:16,418] INFO [GroupCoordinator 0]: Shutdown complete. (kafka.coordinator.group.GroupCoordinator)
[2019-05-21 14:18:16,420] INFO [ReplicaManager broker=0] Shutting down (kafka.server.ReplicaManager)
[2019-05-21 14:18:16,420] INFO [LogDirFailureHandler]: Shutting down (kafka.server.ReplicaManager$LogDirFailureHandler)
[2019-05-21 14:18:16,420] INFO [LogDirFailureHandler]: Stopped (kafka.server.ReplicaManager$LogDirFailureHandler)
[2019-05-21 14:18:16,420] INFO [LogDirFailureHandler]: Shutdown completed (kafka.server.ReplicaManager$LogDirFailureHandler)
[2019-05-21 14:18:16,421] INFO [ReplicaFetcherManager on broker 0] shutting down (kafka.server.ReplicaFetcherManager)
[2019-05-21 14:18:16,449] INFO [ReplicaFetcherManager on broker 0] shutdown completed (kafka.server.ReplicaFetcherManager)
[2019-05-21 14:18:16,450] INFO [ExpirationReaper-0-Fetch]: Shutting down (kafka.server.DelayedOperationPurgatory$ExpiredOperationReaper)
[2019-05-21 14:18:16,512] INFO [ExpirationReaper-0-Fetch]: Stopped (kafka.server.DelayedOperationPurgatory$ExpiredOperationReaper)
[2019-05-21 14:18:16,512] INFO [ExpirationReaper-0-Fetch]: Shutdown completed (kafka.server.DelayedOperationPurgatory$ExpiredOperationReaper)
[2019-05-21 14:18:16,512] INFO [ExpirationReaper-0-Produce]: Shutting down (kafka.server.DelayedOperationPurgatory$ExpiredOperationReaper)
[2019-05-21 14:18:16,618] INFO [ExpirationReaper-0-Produce]: Stopped (kafka.server.DelayedOperationPurgatory$ExpiredOperationReaper)
[2019-05-21 14:18:16,618] INFO [ExpirationReaper-0-Produce]: Shutdown completed (kafka.server.DelayedOperationPurgatory$ExpiredOperationReaper)
[2019-05-21 14:18:16,618] INFO [ExpirationReaper-0-DeleteRecords]: Shutting down (kafka.server.DelayedOperationPurgatory$ExpiredOperationReaper)
[2019-05-21 14:18:16,818] INFO [ExpirationReaper-0-DeleteRecords]: Stopped (kafka.server.DelayedOperationPurgatory$ExpiredOperationReaper)
[2019-05-21 14:18:16,820] INFO [ExpirationReaper-0-DeleteRecords]: Shutdown completed (kafka.server.DelayedOperationPurgatory$ExpiredOperationReaper)
[2019-05-21 14:18:16,828] INFO [ReplicaManager broker=0] Shut down completely (kafka.server.ReplicaManager)
[2019-05-21 14:18:16,846] INFO Shutting down. (kafka.log.LogManager)
[2019-05-21 14:18:17,170] INFO Shutdown complete. (kafka.log.LogManager)
[2019-05-21 14:18:17,199] INFO Terminate ZkClient event thread. (org.I0Itec.zkclient.ZkEventThread)
[2019-05-21 14:18:17,203] INFO Session: 0x16a915e88ed0061 closed (org.apache.zookeeper.ZooKeeper)
[2019-05-21 14:18:17,215] INFO [KafkaServer id=0] shut down completed (kafka.server.KafkaServer)
